<?xml version="1.0" encoding="UTF-8"?>
<!-- Generated by org.testng.reporters.JUnitReportReporter -->
<testsuite hostname="VT0-IT-47-D143" name="pw.RunnerScripts.WCRunner" tests="1" failures="0" timestamp="1 Nov 2023 10:25:35 GMT" time="4232.077" errors="0">
  <testcase name="WC_13" time="4232.077" classname="pw.RunnerScripts.WCRunner"/>
</testsuite> <!-- pw.RunnerScripts.WCRunner -->
