<?xml version="1.0" encoding="UTF-8"?>
<!-- Generated by org.testng.reporters.JUnitReportReporter -->
<testsuite hostname="VT0-IT-47-D143" name="pw.RunnerScripts.CARunner" tests="1" failures="0" timestamp="7 Nov 2023 08:38:06 GMT" time="3859.450" errors="0">
  <testcase name="CA_14" time="3859.450" classname="pw.RunnerScripts.CARunner"/>
</testsuite> <!-- pw.RunnerScripts.CARunner -->
