<?xml version="1.0" encoding="UTF-8"?>
<!-- Generated by org.testng.reporters.JUnitReportReporter -->
<testsuite hostname="VT0-IT-47-D143" name="pw.RunnerScripts.CURunner" tests="1" failures="0" timestamp="30 Oct 2023 12:31:31 GMT" time="6751.538" errors="0">
  <testcase name="CU_11" time="6751.538" classname="pw.RunnerScripts.CURunner"/>
</testsuite> <!-- pw.RunnerScripts.CURunner -->
