<?xml version="1.0" encoding="UTF-8"?>
<!-- Generated by org.testng.reporters.JUnitReportReporter -->
<testsuite hostname="VT0-IT-47-D143" name="pw.RunnerScripts.PMRunner" tests="1" failures="0" timestamp="25 Aug 2023 07:23:00 GMT" time="2144.241" errors="0">
  <testcase name="PMSmoke_7" time="2144.241" classname="pw.RunnerScripts.PMRunner"/>
</testsuite> <!-- pw.RunnerScripts.PMRunner -->
