<?xml version="1.0" encoding="UTF-8"?>
<!-- Generated by org.testng.reporters.JUnitReportReporter -->
<testsuite hostname="VT0-IT-47-D186" name="com.secura.pw.runner.TCRunner" tests="1" failures="0" timestamp="20 Jun 2019 17:10:14 GMT" time="3378.706" errors="0">
  <testcase name="TC_14" time="3378.706" classname="com.secura.pw.runner.TCRunner"/>
</testsuite> <!-- com.secura.pw.runner.TCRunner -->
